<?xml version="1.0" encoding="UTF-8"?>
<testsuite name="com.example.study.repository.UserRepositoryTest" tests="1" skipped="0" failures="0" errors="0" timestamp="2020-01-07T10:54:05" hostname="DESKTOP-4IRHPBG" time="0.235">
  <properties/>
  <testcase name="delete()" classname="com.example.study.repository.UserRepositoryTest" time="0.235"/>
  <system-out><![CDATA[19:53:59.843 [Test worker] DEBUG org.springframework.test.context.BootstrapUtils - Instantiating CacheAwareContextLoaderDelegate from class [org.springframework.test.context.cache.DefaultCacheAwareContextLoaderDelegate]
19:53:59.863 [Test worker] DEBUG org.springframework.test.context.BootstrapUtils - Instantiating BootstrapContext using constructor [public org.springframework.test.context.support.DefaultBootstrapContext(java.lang.Class,org.springframework.test.context.CacheAwareContextLoaderDelegate)]
19:53:59.900 [Test worker] DEBUG org.springframework.test.context.BootstrapUtils - Instantiating TestContextBootstrapper for test class [com.example.study.repository.UserRepositoryTest] from class [org.springframework.boot.test.context.SpringBootTestContextBootstrapper]
19:53:59.927 [Test worker] INFO org.springframework.boot.test.context.SpringBootTestContextBootstrapper - Neither @ContextConfiguration nor @ContextHierarchy found for test class [com.example.study.repository.UserRepositoryTest], using SpringBootContextLoader
19:53:59.933 [Test worker] DEBUG org.springframework.test.context.support.AbstractContextLoader - Did not detect default resource location for test class [com.example.study.repository.UserRepositoryTest]: class path resource [com/example/study/repository/UserRepositoryTest-context.xml] does not exist
19:53:59.933 [Test worker] DEBUG org.springframework.test.context.support.AbstractContextLoader - Did not detect default resource location for test class [com.example.study.repository.UserRepositoryTest]: class path resource [com/example/study/repository/UserRepositoryTestContext.groovy] does not exist
19:53:59.934 [Test worker] INFO org.springframework.test.context.support.AbstractContextLoader - Could not detect default resource locations for test class [com.example.study.repository.UserRepositoryTest]: no resource found for suffixes {-context.xml, Context.groovy}.
19:53:59.935 [Test worker] INFO org.springframework.test.context.support.AnnotationConfigContextLoaderUtils - Could not detect default configuration classes for test class [com.example.study.repository.UserRepositoryTest]: UserRepositoryTest does not declare any static, non-private, non-final, nested classes annotated with @Configuration.
19:53:59.988 [Test worker] DEBUG org.springframework.test.context.support.ActiveProfilesUtils - Could not find an 'annotation declaring class' for annotation type [org.springframework.test.context.ActiveProfiles] and class [com.example.study.repository.UserRepositoryTest]
19:54:00.095 [Test worker] DEBUG org.springframework.context.annotation.ClassPathScanningCandidateComponentProvider - Identified candidate component class: file [C:\devel\study\build\classes\java\main\com\example\study\StudyApplication.class]
19:54:00.097 [Test worker] INFO org.springframework.boot.test.context.SpringBootTestContextBootstrapper - Found @SpringBootConfiguration com.example.study.StudyApplication for test class com.example.study.repository.UserRepositoryTest
19:54:00.233 [Test worker] DEBUG org.springframework.boot.test.context.SpringBootTestContextBootstrapper - @TestExecutionListeners is not present for class [com.example.study.repository.UserRepositoryTest]: using defaults.
19:54:00.234 [Test worker] INFO org.springframework.boot.test.context.SpringBootTestContextBootstrapper - Loaded default TestExecutionListener class names from location [META-INF/spring.factories]: [org.springframework.boot.test.autoconfigure.restdocs.RestDocsTestExecutionListener, org.springframework.boot.test.autoconfigure.web.client.MockRestServiceServerResetTestExecutionListener, org.springframework.boot.test.autoconfigure.web.servlet.MockMvcPrintOnlyOnFailureTestExecutionListener, org.springframework.boot.test.autoconfigure.web.servlet.WebDriverTestExecutionListener, org.springframework.boot.test.mock.mockito.MockitoTestExecutionListener, org.springframework.boot.test.mock.mockito.ResetMocksTestExecutionListener, org.springframework.test.context.web.ServletTestExecutionListener, org.springframework.test.context.support.DirtiesContextBeforeModesTestExecutionListener, org.springframework.test.context.support.DependencyInjectionTestExecutionListener, org.springframework.test.context.support.DirtiesContextTestExecutionListener, org.springframework.test.context.transaction.TransactionalTestExecutionListener, org.springframework.test.context.jdbc.SqlScriptsTestExecutionListener, org.springframework.test.context.event.EventPublishingTestExecutionListener]
19:54:00.262 [Test worker] INFO org.springframework.boot.test.context.SpringBootTestContextBootstrapper - Using TestExecutionListeners: [org.springframework.test.context.web.ServletTestExecutionListener@562df8b1, org.springframework.test.context.support.DirtiesContextBeforeModesTestExecutionListener@5b31a974, org.springframework.boot.test.mock.mockito.MockitoTestExecutionListener@58303045, org.springframework.boot.test.autoconfigure.SpringBootDependencyInjectionTestExecutionListener@62dcccf4, org.springframework.test.context.support.DirtiesContextTestExecutionListener@5b8d486e, org.springframework.test.context.transaction.TransactionalTestExecutionListener@da13062, org.springframework.test.context.jdbc.SqlScriptsTestExecutionListener@544a9b8b, org.springframework.test.context.event.EventPublishingTestExecutionListener@50f5469a, org.springframework.boot.test.autoconfigure.restdocs.RestDocsTestExecutionListener@610abad2, org.springframework.boot.test.autoconfigure.web.client.MockRestServiceServerResetTestExecutionListener@652cb4b1, org.springframework.boot.test.autoconfigure.web.servlet.MockMvcPrintOnlyOnFailureTestExecutionListener@65baed5c, org.springframework.boot.test.autoconfigure.web.servlet.WebDriverTestExecutionListener@1f81b6e7, org.springframework.boot.test.mock.mockito.ResetMocksTestExecutionListener@2b6953ef]
19:54:00.268 [Test worker] DEBUG org.springframework.test.context.support.AbstractDirtiesContextTestExecutionListener - Before test class: context [DefaultTestContext@46a31bf8 testClass = UserRepositoryTest, testInstance = [null], testMethod = [null], testException = [null], mergedContextConfiguration = [WebMergedContextConfiguration@fa593fc testClass = UserRepositoryTest, locations = '{}', classes = '{class com.example.study.StudyApplication}', contextInitializerClasses = '[]', activeProfiles = '{}', propertySourceLocations = '{}', propertySourceProperties = '{org.springframework.boot.test.context.SpringBootTestContextBootstrapper=true}', contextCustomizers = set[org.springframework.boot.test.autoconfigure.properties.PropertyMappingContextCustomizer@0, org.springframework.boot.test.autoconfigure.web.servlet.WebDriverContextCustomizerFactory$Customizer@6ebecb9d, org.springframework.boot.test.context.filter.ExcludeFilterContextCustomizer@68a4b245, org.springframework.boot.test.json.DuplicateJsonObjectContextCustomizerFactory$DuplicateJsonObjectContextCustomizer@21827898, org.springframework.boot.test.mock.mockito.MockitoContextCustomizer@0, org.springframework.boot.test.web.client.TestRestTemplateContextCustomizer@78bbd7b3], resourceBasePath = 'src/main/webapp', contextLoader = 'org.springframework.boot.test.context.SpringBootContextLoader', parent = [null]], attributes = map['org.springframework.test.context.web.ServletTestExecutionListener.activateListener' -> true]], class annotated with @DirtiesContext [false] with mode [null].
19:54:00.315 [Test worker] DEBUG org.springframework.test.context.support.TestPropertySourceUtils - Adding inlined properties to environment: {spring.jmx.enabled=false, org.springframework.boot.test.context.SpringBootTestContextBootstrapper=true, server.port=-1}

  .   ____          _            __ _ _
 /\\ / ___'_ __ _ _(_)_ __  __ _ \ \ \ \
( ( )\___ | '_ | '_| | '_ \/ _` | \ \ \ \
 \\/  ___)| |_)| | | | | || (_| |  ) ) ) )
  '  |____| .__|_| |_|_| |_\__, | / / / /
 =========|_|==============|___/=/_/_/_/
 :: Spring Boot ::        (v2.2.1.RELEASE)

2020-01-07 19:54:00.659  INFO 11168 --- [    Test worker] c.e.study.repository.UserRepositoryTest  : Starting UserRepositoryTest on DESKTOP-4IRHPBG with PID 11168 (started by Bomin Jang in C:\devel\study)
2020-01-07 19:54:00.661  INFO 11168 --- [    Test worker] c.e.study.repository.UserRepositoryTest  : No active profile set, falling back to default profiles: default
2020-01-07 19:54:01.525  INFO 11168 --- [    Test worker] .s.d.r.c.RepositoryConfigurationDelegate : Bootstrapping Spring Data repositories in DEFAULT mode.
2020-01-07 19:54:01.609  INFO 11168 --- [    Test worker] .s.d.r.c.RepositoryConfigurationDelegate : Finished Spring Data repository scanning in 72ms. Found 1 repository interfaces.
2020-01-07 19:54:02.064  INFO 11168 --- [    Test worker] trationDelegate$BeanPostProcessorChecker : Bean 'org.springframework.transaction.annotation.ProxyTransactionManagementConfiguration' of type [org.springframework.transaction.annotation.ProxyTransactionManagementConfiguration] is not eligible for getting processed by all BeanPostProcessors (for example: not eligible for auto-proxying)
2020-01-07 19:54:02.350  INFO 11168 --- [    Test worker] com.zaxxer.hikari.HikariDataSource       : HikariPool-1 - Starting...
2020-01-07 19:54:02.650  INFO 11168 --- [    Test worker] com.zaxxer.hikari.HikariDataSource       : HikariPool-1 - Start completed.
2020-01-07 19:54:02.724  INFO 11168 --- [    Test worker] o.hibernate.jpa.internal.util.LogHelper  : HHH000204: Processing PersistenceUnitInfo [name: default]
2020-01-07 19:54:02.832  INFO 11168 --- [    Test worker] org.hibernate.Version                    : HHH000412: Hibernate Core {5.4.8.Final}
2020-01-07 19:54:03.060  INFO 11168 --- [    Test worker] o.hibernate.annotations.common.Version   : HCANN000001: Hibernate Commons Annotations {5.1.0.Final}
2020-01-07 19:54:03.210  INFO 11168 --- [    Test worker] org.hibernate.dialect.Dialect            : HHH000400: Using dialect: org.hibernate.dialect.MySQL8Dialect
2020-01-07 19:54:03.906  INFO 11168 --- [    Test worker] o.h.e.t.j.p.i.JtaPlatformInitiator       : HHH000490: Using JtaPlatform implementation: [org.hibernate.engine.transaction.jta.platform.internal.NoJtaPlatform]
2020-01-07 19:54:03.915  INFO 11168 --- [    Test worker] j.LocalContainerEntityManagerFactoryBean : Initialized JPA EntityManagerFactory for persistence unit 'default'
2020-01-07 19:54:04.938  INFO 11168 --- [    Test worker] o.s.s.concurrent.ThreadPoolTaskExecutor  : Initializing ExecutorService 'applicationTaskExecutor'
2020-01-07 19:54:05.492  INFO 11168 --- [    Test worker] c.e.study.repository.UserRepositoryTest  : Started UserRepositoryTest in 5.163 seconds (JVM running for 6.982)
Hibernate: select user0_.id as id1_0_0_, user0_.account as account2_0_0_, user0_.created_at as created_3_0_0_, user0_.created_by as created_4_0_0_, user0_.email as email5_0_0_, user0_.phone_number as phone_nu6_0_0_, user0_.updated_at as updated_7_0_0_, user0_.updated_by as updated_8_0_0_ from user user0_ where user0_.id=?
Hibernate: select user0_.id as id1_0_0_, user0_.account as account2_0_0_, user0_.created_at as created_3_0_0_, user0_.created_by as created_4_0_0_, user0_.email as email5_0_0_, user0_.phone_number as phone_nu6_0_0_, user0_.updated_at as updated_7_0_0_, user0_.updated_by as updated_8_0_0_ from user user0_ where user0_.id=?
Hibernate: delete from user where id=?
Hibernate: select user0_.id as id1_0_0_, user0_.account as account2_0_0_, user0_.created_at as created_3_0_0_, user0_.created_by as created_4_0_0_, user0_.email as email5_0_0_, user0_.phone_number as phone_nu6_0_0_, user0_.updated_at as updated_7_0_0_, user0_.updated_by as updated_8_0_0_ from user user0_ where user0_.id=?
데이터 삭제. 데이터 없음.
]]></system-out>
  <system-err><![CDATA[]]></system-err>
</testsuite>
